<?xml version="1.0" encoding="UTF-8"?>
<testsuite xmlns:xsi="http://www.w3.org/2001/XMLSchema-instance" xsi:noNamespaceSchemaLocation="https://maven.apache.org/surefire/maven-surefire-plugin/xsd/surefire-test-report.xsd" name="com.coderman.business.service.InventoryRiskServiceTest" time="3.05" tests="7" errors="0" skipped="0" failures="0">
  <properties>
[...]
</properties>
  <testcase name="testCalculateRisk_WithInTransitTransfers" classname="com.coderman.business.service.InventoryRiskServiceTest" time="2.617"/>
  <testcase name="testCalculateRisk_WithLockedQuantity" classname="com.coderman.business.service.InventoryRiskServiceTest" time="0.006"/>
  <testcase name="testCalculateRisk_ZeroConsumption_DefaultSafe" classname="com.coderman.business.service.InventoryRiskServiceTest" time="0.029"/>
  <testcase name="testCalculateRisk_NearExpiryDetection" classname="com.coderman.business.service.InventoryRiskServiceTest" time="0"/>
  <testcase name="testCalculateRisk_CriticalLevel" classname="com.coderman.business.service.InventoryRiskServiceTest" time="0.005"/>
  <testcase name="testCalculateRisk_SupplierDelayImpact" classname="com.coderman.business.service.InventoryRiskServiceTest" time="0.007"/>
  <testcase name="testCalculateRisk_SafeLevel" classname="com.coderman.business.service.InventoryRiskServiceTest" time="0.041"/>
</testsuite>